<?xml version="1.0" encoding="UTF-8"?>
<robot generator="Robot 7.0 (Python 3.12.2 on darwin)" generated="2024-04-06T22:45:36.074084" rpa="false" schemaversion="5">
<suite id="s1" name="TC01 Login" source="/Users/muhammadabbaskhan/Desktop/Automation-with-Robot-Framework/Project_TestCases/TC01_Login.robot">
<test id="s1-t1" name="LoginTest" line="10">
<kw name="Open Browser" owner="SeleniumLibrary">
<msg time="2024-04-06T22:45:36.301891" level="INFO">Opening browser 'chrome' to base url 'https://demo.nopcommerce.com/'.</msg>
<arg>${url}</arg>
<arg>${browser}</arg>
<doc>Opens a new browser instance to the optional ``url``.</doc>
<status status="PASS" start="2024-04-06T22:45:36.301633" elapsed="9.807830"/>
</kw>
<kw name="LoginToApplication">
<kw name="Click Link" owner="SeleniumLibrary">
<msg time="2024-04-06T22:45:46.111325" level="INFO">Clicking link 'xpath://a[@class="ico-login"]'.</msg>
<arg>xpath://a[@class="ico-login"]</arg>
<doc>Clicks a link identified by ``locator``.</doc>
<status status="PASS" start="2024-04-06T22:45:46.110840" elapsed="1.310925"/>
</kw>
<kw name="Input Text" owner="SeleniumLibrary">
<msg time="2024-04-06T22:45:47.422343" level="INFO">Typing text 'ak.mohmnd@gmail.com' into text field 'id:Email'.</msg>
<arg>id:Email</arg>
<arg>ak.mohmnd@gmail.com</arg>
<doc>Types the given ``text`` into the text field identified by ``locator``.</doc>
<status status="PASS" start="2024-04-06T22:45:47.422097" elapsed="0.148542"/>
</kw>
<kw name="Sleep" owner="BuiltIn">
<msg time="2024-04-06T22:45:49.571103" level="INFO">Slept 2 seconds.</msg>
<arg>2 seconds</arg>
<doc>Pauses the test executed for the given time.</doc>
<status status="PASS" start="2024-04-06T22:45:47.570817" elapsed="2.000380"/>
</kw>
<kw name="Input Text" owner="SeleniumLibrary">
<msg time="2024-04-06T22:45:49.571521" level="INFO">Typing text 'Ak.mohmnd1' into text field 'id=Password'.</msg>
<arg>id=Password</arg>
<arg>Ak.mohmnd1</arg>
<doc>Types the given ``text`` into the text field identified by ``locator``.</doc>
<status status="PASS" start="2024-04-06T22:45:49.571344" elapsed="0.068800"/>
</kw>
<kw name="Click Element" owner="SeleniumLibrary">
<msg time="2024-04-06T22:45:49.640506" level="INFO">Clicking element 'xpath://button[@class="button-1 login-button"]'.</msg>
<arg>xpath://button[@class="button-1 login-button"]</arg>
<doc>Click the element identified by ``locator``.</doc>
<status status="PASS" start="2024-04-06T22:45:49.640324" elapsed="0.470324"/>
</kw>
<status status="PASS" start="2024-04-06T22:45:46.110317" elapsed="4.000559"/>
</kw>
<kw name="Close Browser" owner="SeleniumLibrary">
<doc>Closes the current browser.</doc>
<status status="PASS" start="2024-04-06T22:45:50.111134" elapsed="0.101270"/>
</kw>
<status status="PASS" start="2024-04-06T22:45:36.300833" elapsed="13.911923"/>
</test>
<status status="PASS" start="2024-04-06T22:45:36.075176" elapsed="14.138355"/>
</suite>
<statistics>
<total>
<stat pass="1" fail="0" skip="0">All Tests</stat>
</total>
<tag>
</tag>
<suite>
<stat pass="1" fail="0" skip="0" id="s1" name="TC01 Login">TC01 Login</stat>
</suite>
</statistics>
<errors>
</errors>
</robot>
