<?xml version="1.0" encoding="UTF-8"?>
<robot generator="Robot 6.0.1 (Python 3.11.1 on win32)" generated="20230127 12:28:38.522" rpa="false" schemaversion="3">
<suite id="s1" name="TC19 POM 01" source="C:\Users\a to z\PycharmProjects\AutomationProject\Project_TestCases\TC19_POM_01.robot">
<test id="s1-t1" name="LogIn" line="12">
<kw name="Open My Browser" library="TC19_Login">
<arg>${url}</arg>
<arg>${browser}</arg>
<kw name="Open Browser" library="SeleniumLibrary">
<arg>${url}</arg>
<arg>${browser}</arg>
<doc>Opens a new browser instance to the optional ``url``.</doc>
<msg timestamp="20230127 12:28:38.827" level="INFO">Opening browser 'headlessfirefox' to base url 'https://demo.guru99.com/test/newtours/'.</msg>
<msg timestamp="20230127 12:28:38.834" level="INFO">Firefox driver log is always forced to to: C:\Users\a to z\PycharmProjects\AutomationProject\geckodriver-1.log</msg>
<status status="PASS" starttime="20230127 12:28:38.826" endtime="20230127 12:29:17.263"/>
</kw>
<kw name="Maximize Browser Window" library="SeleniumLibrary">
<doc>Maximizes current browser window.</doc>
<status status="PASS" starttime="20230127 12:29:17.263" endtime="20230127 12:29:17.268"/>
</kw>
<kw name="Sleep" library="BuiltIn">
<arg>2</arg>
<doc>Pauses the test executed for the given time.</doc>
<msg timestamp="20230127 12:29:19.269" level="INFO">Slept 2 seconds</msg>
<status status="PASS" starttime="20230127 12:29:17.268" endtime="20230127 12:29:19.269"/>
</kw>
<status status="PASS" starttime="20230127 12:28:38.825" endtime="20230127 12:29:19.269"/>
</kw>
<kw name="Sleep" library="BuiltIn">
<arg>2</arg>
<doc>Pauses the test executed for the given time.</doc>
<msg timestamp="20230127 12:29:21.271" level="INFO">Slept 2 seconds</msg>
<status status="PASS" starttime="20230127 12:29:19.269" endtime="20230127 12:29:21.271"/>
</kw>
<kw name="Enter_UserName" library="TC19_Login">
<arg>${UserName}</arg>
<kw name="Input Text" library="SeleniumLibrary">
<arg>${TXT_UserName}</arg>
<arg>${UserName}</arg>
<doc>Types the given ``text`` into the text field identified by ``locator``.</doc>
<msg timestamp="20230127 12:29:21.276" level="INFO">Typing text 'abcd1234' into text field 'name:userName'.</msg>
<status status="PASS" starttime="20230127 12:29:21.273" endtime="20230127 12:29:21.337"/>
</kw>
<status status="PASS" starttime="20230127 12:29:21.272" endtime="20230127 12:29:21.337"/>
</kw>
<kw name="Enter_Password" library="TC19_Login">
<arg>${UserPassowrd}</arg>
<kw name="Input Text" library="SeleniumLibrary">
<arg>${TXT_Password}</arg>
<arg>${UserPassword}</arg>
<doc>Types the given ``text`` into the text field identified by ``locator``.</doc>
<msg timestamp="20230127 12:29:21.339" level="INFO">Typing text '123456' into text field 'name:password'.</msg>
<status status="PASS" starttime="20230127 12:29:21.339" endtime="20230127 12:29:21.361"/>
</kw>
<status status="PASS" starttime="20230127 12:29:21.338" endtime="20230127 12:29:21.361"/>
</kw>
<kw name="Sleep" library="BuiltIn">
<arg>2</arg>
<doc>Pauses the test executed for the given time.</doc>
<msg timestamp="20230127 12:29:23.363" level="INFO">Slept 2 seconds</msg>
<status status="PASS" starttime="20230127 12:29:21.362" endtime="20230127 12:29:23.363"/>
</kw>
<kw name="Click_SignIn" library="TC19_Login">
<kw name="Click Button" library="SeleniumLibrary">
<arg>${BTN_SignIn}</arg>
<doc>Clicks the button identified by ``locator``.</doc>
<msg timestamp="20230127 12:29:23.367" level="INFO">Clicking button 'xpath://input[@name='submit']'.</msg>
<status status="PASS" starttime="20230127 12:29:23.365" endtime="20230127 12:29:26.872"/>
</kw>
<status status="PASS" starttime="20230127 12:29:23.364" endtime="20230127 12:29:26.872"/>
</kw>
<kw name="Sleep" library="BuiltIn">
<arg>2</arg>
<doc>Pauses the test executed for the given time.</doc>
<msg timestamp="20230127 12:29:28.873" level="INFO">Slept 2 seconds</msg>
<status status="PASS" starttime="20230127 12:29:26.873" endtime="20230127 12:29:28.873"/>
</kw>
<kw name="Verify Successful_Login" library="TC19_Login">
<kw name="Page Should Contain" library="SeleniumLibrary">
<arg>Login Successfully</arg>
<doc>Verifies that current page contains ``text``.</doc>
<msg timestamp="20230127 12:29:28.884" level="INFO">Current page contains text 'Login Successfully'.</msg>
<status status="PASS" starttime="20230127 12:29:28.873" endtime="20230127 12:29:28.884"/>
</kw>
<status status="PASS" starttime="20230127 12:29:28.873" endtime="20230127 12:29:28.884"/>
</kw>
<kw name="Close My Browser" library="TC19_Login">
<kw name="Close All Browsers" library="SeleniumLibrary">
<doc>Closes all open browsers and resets the browser cache.</doc>
<status status="PASS" starttime="20230127 12:29:28.885" endtime="20230127 12:29:37.906"/>
</kw>
<status status="PASS" starttime="20230127 12:29:28.884" endtime="20230127 12:29:37.906"/>
</kw>
<status status="PASS" starttime="20230127 12:28:38.824" endtime="20230127 12:29:37.907"/>
</test>
<status status="PASS" starttime="20230127 12:28:38.524" endtime="20230127 12:29:37.912"/>
</suite>
<statistics>
<total>
<stat pass="1" fail="0" skip="0">All Tests</stat>
</total>
<tag>
</tag>
<suite>
<stat pass="1" fail="0" skip="0" id="s1" name="TC19 POM 01">TC19 POM 01</stat>
</suite>
</statistics>
<errors>
</errors>
</robot>
