<?xml version="1.0" encoding="UTF-8"?>
<robot generator="Robot 6.0.1 (Python 3.11.1 on win32)" generated="20230127 12:20:28.778" rpa="false" schemaversion="3">
<suite id="s1" name="Suites">
<suite id="s1-s1" name="TC04 CloseAll" source="C:\Users\a to z\PycharmProjects\AutomationProject\Project_TestCases\TC04_CloseAll.robot">
<test id="s1-s1-t1" name="ClossAllWindows" line="11">
<kw name="Open Browser" library="SeleniumLibrary">
<arg>${url}</arg>
<arg>${browser}</arg>
<doc>Opens a new browser instance to the optional ``url``.</doc>
<msg timestamp="20230127 12:20:29.069" level="INFO">Opening browser 'chrome' to base url 'https://demo.nopcommerce.com/'.</msg>
<errors>
<msg timestamp="20230127 12:20:38.577" level="ERROR">Execution stopped by user.</msg>
</errors>
</robot>
