<?xml version="1.0" encoding="UTF-8"?>
<robot generator="Robot 6.0.1 (Python 3.11.1 on win32)" generated="20230127 12:18:52.741" rpa="false" schemaversion="3">
<suite id="s1" name="Suites">
<suite id="s1-s1" name="TC02 InputBox" source="C:\Users\a to z\PycharmProjects\AutomationProject\Project_TestCases\TC02_InputBox.robot">
<test id="s1-s1-t1" name="TestingInputBox" line="9">
<kw name="Open Browser" library="SeleniumLibrary">
<arg>${url}</arg>
<arg>${browser}</arg>
<doc>Opens a new browser instance to the optional ``url``.</doc>
<msg timestamp="20230127 12:18:53.008" level="INFO">Opening browser 'chrome' to base url 'https://demo.nopcommerce.com/'.</msg>
<status status="PASS" starttime="20230127 12:18:53.006" endtime="20230127 12:18:57.326"/>
</kw>
<kw name="Maximize Browser Window" library="SeleniumLibrary">
<doc>Maximizes current browser window.</doc>
<status status="PASS" starttime="20230127 12:18:57.327" endtime="20230127 12:18:57.457"/>
</kw>
<kw name="Title Should Be" library="SeleniumLibrary">
<arg>nopCommerce demo store</arg>
<doc>Verifies that the current page title equals ``title``.</doc>
<msg timestamp="20230127 12:18:57.463" level="INFO">Page title is 'nopCommerce demo store'.</msg>
<status status="PASS" starttime="20230127 12:18:57.457" endtime="20230127 12:18:57.463"/>
</kw>
<kw name="Click Link" library="SeleniumLibrary">
<arg>xpath://a[@class="ico-login"]</arg>
<doc>Clicks a link identified by ``locator``.</doc>
<msg timestamp="20230127 12:18:57.464" level="INFO">Clicking link 'xpath://a[@class="ico-login"]'.</msg>
<status status="PASS" starttime="20230127 12:18:57.464" endtime="20230127 12:18:58.746"/>
</kw>
<kw name="Set Variable" library="BuiltIn">
<var>${"email_txt"}</var>
<arg>id:Email</arg>
<doc>Returns the given values which can then be assigned to a variables.</doc>
<msg timestamp="20230127 12:18:58.747" level="INFO">${"email_txt"} = id:Email</msg>
<status status="PASS" starttime="20230127 12:18:58.747" endtime="20230127 12:18:58.747"/>
</kw>
<kw name="Set Variable" library="BuiltIn">
<var>${"password_txt"}</var>
<arg>id:Password</arg>
<doc>Returns the given values which can then be assigned to a variables.</doc>
<msg timestamp="20230127 12:18:58.748" level="INFO">${"password_txt"} = id:Password</msg>
<status status="PASS" starttime="20230127 12:18:58.748" endtime="20230127 12:18:58.748"/>
</kw>
<kw name="Element Should Be Visible" library="SeleniumLibrary">
<arg>${"email_txt"}</arg>
<doc>Verifies that the element identified by ``locator`` is visible.</doc>
<msg timestamp="20230127 12:18:58.783" level="INFO">Element 'id:Email' is displayed.</msg>
<status status="PASS" starttime="20230127 12:18:58.749" endtime="20230127 12:18:58.783"/>
</kw>
<kw name="Element Should Be Enabled" library="SeleniumLibrary">
<arg>${"email_txt"}</arg>
<doc>Verifies that element identified by ``locator`` is enabled.</doc>
<status status="PASS" starttime="20230127 12:18:58.783" endtime="20230127 12:18:58.814"/>
</kw>
<kw name="Input Text" library="SeleniumLibrary">
<arg>${"email_txt"}</arg>
<arg>ak.mohmnd@gmail.com</arg>
<doc>Types the given ``text`` into the text field identified by ``locator``.</doc>
<msg timestamp="20230127 12:18:58.814" level="INFO">Typing text 'ak.mohmnd@gmail.com' into text field 'id:Email'.</msg>
<status status="PASS" starttime="20230127 12:18:58.814" endtime="20230127 12:18:58.907"/>
</kw>
<kw name="Element Should Be Visible" library="SeleniumLibrary">
<arg>${"password_txt"}</arg>
<doc>Verifies that the element identified by ``locator`` is visible.</doc>
<msg timestamp="20230127 12:18:58.934" level="INFO">Element 'id:Password' is displayed.</msg>
<status status="PASS" starttime="20230127 12:18:58.907" endtime="20230127 12:18:58.934"/>
</kw>
<kw name="Element Should Be Enabled" library="SeleniumLibrary">
<arg>${"password_txt"}</arg>
<doc>Verifies that element identified by ``locator`` is enabled.</doc>
<status status="PASS" starttime="20230127 12:18:58.935" endtime="20230127 12:18:58.964"/>
</kw>
<kw name="Input Text" library="SeleniumLibrary">
<arg>${"password_txt"}</arg>
<arg>Ak.mohmnd1</arg>
<doc>Types the given ``text`` into the text field identified by ``locator``.</doc>
<msg timestamp="20230127 12:18:58.965" level="INFO">Typing text 'Ak.mohmnd1' into text field 'id:Password'.</msg>
<status status="PASS" starttime="20230127 12:18:58.964" endtime="20230127 12:18:59.063"/>
</kw>
<kw name="Sleep" library="BuiltIn">
<arg>3</arg>
<doc>Pauses the test executed for the given time.</doc>
<msg timestamp="20230127 12:19:02.065" level="INFO">Slept 3 seconds</msg>
<status status="PASS" starttime="20230127 12:18:59.063" endtime="20230127 12:19:02.065"/>
</kw>
<kw name="Clear Element Text" library="SeleniumLibrary">
<arg>${"email_txt"}</arg>
<doc>Clears the value of the text-input-element identified by ``locator``.</doc>
<status status="PASS" starttime="20230127 12:19:02.065" endtime="20230127 12:19:02.100"/>
</kw>
<kw name="Sleep" library="BuiltIn">
<doc>Pauses the test executed for the given time.</doc>
<msg timestamp="20230127 12:19:02.101" level="FAIL">Keyword 'BuiltIn.Sleep' expected 1 to 2 arguments, got 0.</msg>
<status status="FAIL" starttime="20230127 12:19:02.100" endtime="20230127 12:19:02.101"/>
</kw>
<kw name="Clear Element Text" library="SeleniumLibrary">
<arg>${"password_txt"}</arg>
<doc>Clears the value of the text-input-element identified by ``locator``.</doc>
<status status="NOT RUN" starttime="20230127 12:19:02.101" endtime="20230127 12:19:02.101"/>
</kw>
<kw name="Sleep" library="BuiltIn">
<arg>3</arg>
<doc>Pauses the test executed for the given time.</doc>
<status status="NOT RUN" starttime="20230127 12:19:02.101" endtime="20230127 12:19:02.101"/>
</kw>
<kw name="Close Browser" library="SeleniumLibrary">
<doc>Closes the current browser.</doc>
<status status="NOT RUN" starttime="20230127 12:19:02.102" endtime="20230127 12:19:02.102"/>
</kw>
<status status="FAIL" starttime="20230127 12:18:53.006" endtime="20230127 12:19:02.102">Keyword 'BuiltIn.Sleep' expected 1 to 2 arguments, got 0.</status>
</test>
<status status="FAIL" starttime="20230127 12:18:52.771" endtime="20230127 12:19:02.103"/>
</suite>
<status status="FAIL" starttime="20230127 12:18:52.752" endtime="20230127 12:19:02.104"/>
</suite>
<statistics>
<total>
<stat pass="0" fail="1" skip="0">All Tests</stat>
</total>
<tag>
</tag>
<suite>
<stat pass="0" fail="1" skip="0" id="s1" name="Suites">Suites</stat>
<stat pass="0" fail="1" skip="0" id="s1-s1" name="TC02 InputBox">Suites.TC02 InputBox</stat>
</suite>
</statistics>
<errors>
</errors>
</robot>
